{"D:\\projects\\play-with-slots\\src\\components\\ComponentWithButtons.vue": {"path":"D:\\projects\\play-with-slots\\src\\components\\ComponentWithButtons.vue","statementMap":{"0":{"start":{"line":31,"column":0},"end":{"line":31,"column":null}},"1":{"start":{"line":34,"column":0},"end":{"line":34,"column":null}},"2":{"start":{"line":37,"column":0},"end":{"line":37,"column":null}}},"fnMap":{"0":{"name":"(anonymous_1)","decl":{"start":{"line":30,"column":0},"end":{"line":30,"column":null}},"loc":{"start":{"line":30,"column":0},"end":{"line":32,"column":null}}},"1":{"name":"(anonymous_2)","decl":{"start":{"line":33,"column":0},"end":{"line":33,"column":null}},"loc":{"start":{"line":33,"column":0},"end":{"line":35,"column":null}}},"2":{"name":"(anonymous_3)","decl":{"start":{"line":36,"column":0},"end":{"line":36,"column":null}},"loc":{"start":{"line":36,"column":0},"end":{"line":38,"column":null}}}},"branchMap":{},"s":{"0":1,"1":1,"2":1},"f":{"0":1,"1":1,"2":1},"b":{}}
,"D:\\projects\\play-with-slots\\src\\components\\ComponentWithVuex.vue": {"path":"D:\\projects\\play-with-slots\\src\\components\\ComponentWithVuex.vue","statementMap":{"0":{"start":{"line":14,"column":0},"end":{"line":14,"column":null}}},"fnMap":{"0":{"name":"(anonymous_1)","decl":{"start":{"line":13,"column":0},"end":{"line":13,"column":null}},"loc":{"start":{"line":13,"column":0},"end":{"line":17,"column":null}}}},"branchMap":{},"s":{"0":1},"f":{"0":1},"b":{}}
,"D:\\projects\\play-with-slots\\src\\components\\Footer.vue": {"path":"D:\\projects\\play-with-slots\\src\\components\\Footer.vue","statementMap":{"0":{"start":{"line":33,"column":0},"end":{"line":33,"column":null}},"1":{"start":{"line":43,"column":0},"end":{"line":43,"column":null}}},"fnMap":{"0":{"name":"(anonymous_1)","decl":{"start":{"line":43,"column":0},"end":{"line":43,"column":null}},"loc":{"start":{"line":43,"column":0},"end":{"line":43,"column":null}}}},"branchMap":{},"s":{"0":1,"1":1},"f":{"0":1},"b":{}}
,"D:\\projects\\play-with-slots\\src\\components\\onlyForTests\\FindParent.vue": {"path":"D:\\projects\\play-with-slots\\src\\components\\onlyForTests\\FindParent.vue","statementMap":{"0":{"start":{"line":10,"column":0},"end":{"line":10,"column":null}},"1":{"start":{"line":17,"column":0},"end":{"line":17,"column":null}}},"fnMap":{"0":{"name":"(anonymous_1)","decl":{"start":{"line":17,"column":0},"end":{"line":17,"column":null}},"loc":{"start":{"line":17,"column":0},"end":{"line":17,"column":null}}}},"branchMap":{},"s":{"0":1,"1":4},"f":{"0":4},"b":{}}
,"D:\\projects\\play-with-slots\\src\\components\\onlyForTests\\Greeting.vue": {"path":"D:\\projects\\play-with-slots\\src\\components\\onlyForTests\\Greeting.vue","statementMap":{"0":{"start":{"line":9,"column":0},"end":{"line":9,"column":null}}},"fnMap":{"0":{"name":"(anonymous_1)","decl":{"start":{"line":9,"column":0},"end":{"line":9,"column":null}},"loc":{"start":{"line":9,"column":0},"end":{"line":9,"column":null}}}},"branchMap":{},"s":{"0":1},"f":{"0":1},"b":{}}
,"D:\\projects\\play-with-slots\\src\\components\\onlyForTests\\MyComponents.js": {"path":"D:\\projects\\play-with-slots\\src\\components\\onlyForTests\\MyComponents.js","statementMap":{"0":{"start":{"line":6,"column":21},"end":{"line":30,"column":2}},"1":{"start":{"line":16,"column":6},"end":{"line":16,"column":17}},"2":{"start":{"line":32,"column":22},"end":{"line":50,"column":2}},"3":{"start":{"line":37,"column":15},"end":{"line":39,"column":3}},"4":{"start":{"line":52,"column":25},"end":{"line":72,"column":2}},"5":{"start":{"line":74,"column":30},"end":{"line":92,"column":2}},"6":{"start":{"line":83,"column":20},"end":{"line":83,"column":60}},"7":{"start":{"line":83,"column":54},"end":{"line":83,"column":59}},"8":{"start":{"line":84,"column":6},"end":{"line":84,"column":80}},"9":{"start":{"line":84,"column":31},"end":{"line":84,"column":68}},"10":{"start":{"line":94,"column":29},"end":{"line":123,"column":2}},"11":{"start":{"line":95,"column":15},"end":{"line":98,"column":3}},"12":{"start":{"line":101,"column":6},"end":{"line":106,"column":7}},"13":{"start":{"line":102,"column":8},"end":{"line":102,"column":79}},"14":{"start":{"line":103,"column":8},"end":{"line":103,"column":29}},"15":{"start":{"line":105,"column":8},"end":{"line":105,"column":51}},"16":{"start":{"line":125,"column":23},"end":{"line":135,"column":2}},"17":{"start":{"line":128,"column":6},"end":{"line":128,"column":47}},"18":{"start":{"line":137,"column":38},"end":{"line":153,"column":2}},"19":{"start":{"line":142,"column":15},"end":{"line":144,"column":3}}},"fnMap":{"0":{"name":"(anonymous_0)","decl":{"start":{"line":15,"column":10},"end":{"line":15,"column":11}},"loc":{"start":{"line":15,"column":22},"end":{"line":17,"column":5}},"line":15},"1":{"name":"(anonymous_1)","decl":{"start":{"line":37,"column":8},"end":{"line":37,"column":9}},"loc":{"start":{"line":37,"column":15},"end":{"line":39,"column":3}},"line":37},"2":{"name":"(anonymous_2)","decl":{"start":{"line":82,"column":13},"end":{"line":82,"column":14}},"loc":{"start":{"line":82,"column":25},"end":{"line":85,"column":5}},"line":82},"3":{"name":"(anonymous_3)","decl":{"start":{"line":83,"column":44},"end":{"line":83,"column":45}},"loc":{"start":{"line":83,"column":54},"end":{"line":83,"column":59}},"line":83},"4":{"name":"(anonymous_4)","decl":{"start":{"line":84,"column":26},"end":{"line":84,"column":27}},"loc":{"start":{"line":84,"column":31},"end":{"line":84,"column":68}},"line":84},"5":{"name":"(anonymous_5)","decl":{"start":{"line":95,"column":8},"end":{"line":95,"column":9}},"loc":{"start":{"line":95,"column":15},"end":{"line":98,"column":3}},"line":95},"6":{"name":"(anonymous_6)","decl":{"start":{"line":100,"column":23},"end":{"line":100,"column":24}},"loc":{"start":{"line":100,"column":41},"end":{"line":107,"column":5}},"line":100},"7":{"name":"(anonymous_7)","decl":{"start":{"line":127,"column":15},"end":{"line":127,"column":16}},"loc":{"start":{"line":127,"column":27},"end":{"line":129,"column":5}},"line":127},"8":{"name":"(anonymous_8)","decl":{"start":{"line":142,"column":8},"end":{"line":142,"column":9}},"loc":{"start":{"line":142,"column":15},"end":{"line":144,"column":3}},"line":142}},"branchMap":{"0":{"loc":{"start":{"line":84,"column":31},"end":{"line":84,"column":68}},"type":"cond-expr","locations":[{"start":{"line":84,"column":43},"end":{"line":84,"column":54}},{"start":{"line":84,"column":57},"end":{"line":84,"column":68}}],"line":84}},"s":{"0":1,"1":0,"2":1,"3":2,"4":1,"5":1,"6":2,"7":18,"8":2,"9":18,"10":1,"11":1,"12":1,"13":1,"14":1,"15":0,"16":1,"17":2,"18":1,"19":1},"f":{"0":0,"1":2,"2":2,"3":18,"4":18,"5":1,"6":1,"7":2,"8":1},"b":{"0":[9,9]},"_coverageSchema":"43e27e138ebf9cfc5966b082cf9a028302ed4184","hash":"4e9add2a99b312bf8424183b5a0c69f2dccf3c31"}
,"D:\\projects\\play-with-slots\\src\\components\\onlyForTests\\asyncComponents.js": {"path":"D:\\projects\\play-with-slots\\src\\components\\onlyForTests\\asyncComponents.js","statementMap":{"0":{"start":{"line":4,"column":26},"end":{"line":17,"column":2}},"1":{"start":{"line":6,"column":4},"end":{"line":6,"column":22}},"2":{"start":{"line":10,"column":6},"end":{"line":10,"column":36}},"3":{"start":{"line":11,"column":6},"end":{"line":11,"column":69}},"4":{"start":{"line":19,"column":27},"end":{"line":28,"column":2}}},"fnMap":{"0":{"name":"(anonymous_0)","decl":{"start":{"line":5,"column":11},"end":{"line":5,"column":12}},"loc":{"start":{"line":5,"column":29},"end":{"line":7,"column":3}},"line":5},"1":{"name":"(anonymous_1)","decl":{"start":{"line":9,"column":17},"end":{"line":9,"column":18}},"loc":{"start":{"line":9,"column":35},"end":{"line":12,"column":5}},"line":9}},"branchMap":{},"s":{"0":1,"1":0,"2":0,"3":0,"4":1},"f":{"0":0,"1":0},"b":{},"_coverageSchema":"43e27e138ebf9cfc5966b082cf9a028302ed4184","hash":"dd7f70703d0958d58f8a58a73e53df355ff1b8a0"}
,"D:\\projects\\play-with-slots\\src\\store\\actions.js": {"path":"D:\\projects\\play-with-slots\\src\\store\\actions.js","statementMap":{"0":{"start":{"line":5,"column":8},"end":{"line":5,"column":42}},"1":{"start":{"line":8,"column":8},"end":{"line":8,"column":32}},"2":{"start":{"line":11,"column":8},"end":{"line":11,"column":33}},"3":{"start":{"line":14,"column":8},"end":{"line":14,"column":35}},"4":{"start":{"line":17,"column":8},"end":{"line":17,"column":34}},"5":{"start":{"line":20,"column":8},"end":{"line":20,"column":30}},"6":{"start":{"line":23,"column":8},"end":{"line":28,"column":9}},"7":{"start":{"line":24,"column":29},"end":{"line":24,"column":92}},"8":{"start":{"line":25,"column":12},"end":{"line":25,"column":42}},"9":{"start":{"line":27,"column":12},"end":{"line":27,"column":45}},"10":{"start":{"line":31,"column":8},"end":{"line":39,"column":9}},"11":{"start":{"line":32,"column":36},"end":{"line":35,"column":14}},"12":{"start":{"line":36,"column":12},"end":{"line":36,"column":47}},"13":{"start":{"line":38,"column":12},"end":{"line":38,"column":45}}},"fnMap":{"0":{"name":"(anonymous_0)","decl":{"start":{"line":4,"column":14},"end":{"line":4,"column":15}},"loc":{"start":{"line":4,"column":39},"end":{"line":6,"column":5}},"line":4},"1":{"name":"(anonymous_1)","decl":{"start":{"line":7,"column":13},"end":{"line":7,"column":14}},"loc":{"start":{"line":7,"column":35},"end":{"line":9,"column":5}},"line":7},"2":{"name":"(anonymous_2)","decl":{"start":{"line":10,"column":16},"end":{"line":10,"column":17}},"loc":{"start":{"line":10,"column":36},"end":{"line":12,"column":5}},"line":10},"3":{"name":"(anonymous_3)","decl":{"start":{"line":13,"column":18},"end":{"line":13,"column":19}},"loc":{"start":{"line":13,"column":38},"end":{"line":15,"column":5}},"line":13},"4":{"name":"(anonymous_4)","decl":{"start":{"line":16,"column":21},"end":{"line":16,"column":22}},"loc":{"start":{"line":16,"column":37},"end":{"line":18,"column":5}},"line":16},"5":{"name":"(anonymous_5)","decl":{"start":{"line":19,"column":17},"end":{"line":19,"column":18}},"loc":{"start":{"line":19,"column":33},"end":{"line":21,"column":5}},"line":19},"6":{"name":"(anonymous_6)","decl":{"start":{"line":22,"column":18},"end":{"line":22,"column":19}},"loc":{"start":{"line":22,"column":40},"end":{"line":29,"column":5}},"line":22},"7":{"name":"(anonymous_7)","decl":{"start":{"line":30,"column":31},"end":{"line":30,"column":32}},"loc":{"start":{"line":30,"column":77},"end":{"line":40,"column":5}},"line":30}},"branchMap":{},"s":{"0":0,"1":0,"2":0,"3":0,"4":0,"5":0,"6":2,"7":2,"8":1,"9":1,"10":2,"11":2,"12":1,"13":1},"f":{"0":0,"1":0,"2":0,"3":0,"4":0,"5":0,"6":2,"7":2},"b":{},"_coverageSchema":"43e27e138ebf9cfc5966b082cf9a028302ed4184","hash":"b42eb841b65a678aa4ec248abffd9588fe5b161f"}
,"D:\\projects\\play-with-slots\\src\\store\\getters.js": {"path":"D:\\projects\\play-with-slots\\src\\store\\getters.js","statementMap":{"0":{"start":{"line":3,"column":18},"end":{"line":3,"column":19}},"1":{"start":{"line":4,"column":8},"end":{"line":8,"column":10}},"2":{"start":{"line":4,"column":35},"end":{"line":4,"column":46}},"3":{"start":{"line":5,"column":12},"end":{"line":7,"column":13}},"4":{"start":{"line":6,"column":16},"end":{"line":6,"column":24}},"5":{"start":{"line":9,"column":8},"end":{"line":9,"column":18}}},"fnMap":{"0":{"name":"(anonymous_0)","decl":{"start":{"line":2,"column":15},"end":{"line":2,"column":16}},"loc":{"start":{"line":2,"column":24},"end":{"line":10,"column":5}},"line":2},"1":{"name":"(anonymous_1)","decl":{"start":{"line":4,"column":27},"end":{"line":4,"column":28}},"loc":{"start":{"line":4,"column":35},"end":{"line":4,"column":46}},"line":4},"2":{"name":"(anonymous_2)","decl":{"start":{"line":4,"column":56},"end":{"line":4,"column":57}},"loc":{"start":{"line":4,"column":64},"end":{"line":8,"column":9}},"line":4}},"branchMap":{"0":{"loc":{"start":{"line":5,"column":12},"end":{"line":7,"column":13}},"type":"if","locations":[{"start":{"line":5,"column":12},"end":{"line":7,"column":13}},{"start":{"line":5,"column":12},"end":{"line":7,"column":13}}],"line":5}},"s":{"0":1,"1":1,"2":2,"3":2,"4":2,"5":1},"f":{"0":1,"1":2,"2":2},"b":{"0":[2,0]},"_coverageSchema":"43e27e138ebf9cfc5966b082cf9a028302ed4184","hash":"12b7e82918b0a21b98f898a25c316fc86104a91a"}
,"D:\\projects\\play-with-slots\\src\\store\\mutations.js": {"path":"D:\\projects\\play-with-slots\\src\\store\\mutations.js","statementMap":{"0":{"start":{"line":3,"column":8},"end":{"line":3,"column":53}},"1":{"start":{"line":6,"column":8},"end":{"line":6,"column":70}},"2":{"start":{"line":6,"column":55},"end":{"line":6,"column":69}},"3":{"start":{"line":9,"column":8},"end":{"line":16,"column":10}},"4":{"start":{"line":10,"column":12},"end":{"line":15,"column":13}},"5":{"start":{"line":11,"column":16},"end":{"line":11,"column":42}},"6":{"start":{"line":12,"column":16},"end":{"line":12,"column":27}},"7":{"start":{"line":14,"column":16},"end":{"line":14,"column":27}},"8":{"start":{"line":19,"column":8},"end":{"line":19,"column":76}},"9":{"start":{"line":19,"column":55},"end":{"line":19,"column":75}},"10":{"start":{"line":22,"column":22},"end":{"line":22,"column":72}},"11":{"start":{"line":22,"column":51},"end":{"line":22,"column":71}},"12":{"start":{"line":23,"column":8},"end":{"line":30,"column":10}},"13":{"start":{"line":24,"column":12},"end":{"line":28,"column":13}},"14":{"start":{"line":25,"column":16},"end":{"line":25,"column":42}},"15":{"start":{"line":27,"column":16},"end":{"line":27,"column":34}},"16":{"start":{"line":29,"column":12},"end":{"line":29,"column":23}},"17":{"start":{"line":33,"column":8},"end":{"line":33,"column":56}},"18":{"start":{"line":36,"column":8},"end":{"line":36,"column":52}},"19":{"start":{"line":39,"column":8},"end":{"line":39,"column":36}}},"fnMap":{"0":{"name":"(anonymous_0)","decl":{"start":{"line":2,"column":14},"end":{"line":2,"column":15}},"loc":{"start":{"line":2,"column":34},"end":{"line":4,"column":5}},"line":2},"1":{"name":"(anonymous_1)","decl":{"start":{"line":5,"column":17},"end":{"line":5,"column":18}},"loc":{"start":{"line":5,"column":32},"end":{"line":7,"column":5}},"line":5},"2":{"name":"(anonymous_2)","decl":{"start":{"line":6,"column":47},"end":{"line":6,"column":48}},"loc":{"start":{"line":6,"column":55},"end":{"line":6,"column":69}},"line":6},"3":{"name":"(anonymous_3)","decl":{"start":{"line":8,"column":19},"end":{"line":8,"column":20}},"loc":{"start":{"line":8,"column":34},"end":{"line":17,"column":5}},"line":8},"4":{"name":"(anonymous_4)","decl":{"start":{"line":9,"column":44},"end":{"line":9,"column":45}},"loc":{"start":{"line":9,"column":52},"end":{"line":16,"column":9}},"line":9},"5":{"name":"(anonymous_5)","decl":{"start":{"line":18,"column":22},"end":{"line":18,"column":23}},"loc":{"start":{"line":18,"column":31},"end":{"line":20,"column":5}},"line":18},"6":{"name":"(anonymous_6)","decl":{"start":{"line":19,"column":47},"end":{"line":19,"column":48}},"loc":{"start":{"line":19,"column":55},"end":{"line":19,"column":75}},"line":19},"7":{"name":"(anonymous_7)","decl":{"start":{"line":21,"column":18},"end":{"line":21,"column":19}},"loc":{"start":{"line":21,"column":27},"end":{"line":31,"column":5}},"line":21},"8":{"name":"(anonymous_8)","decl":{"start":{"line":22,"column":43},"end":{"line":22,"column":44}},"loc":{"start":{"line":22,"column":51},"end":{"line":22,"column":71}},"line":22},"9":{"name":"(anonymous_9)","decl":{"start":{"line":23,"column":44},"end":{"line":23,"column":45}},"loc":{"start":{"line":23,"column":52},"end":{"line":30,"column":9}},"line":23},"10":{"name":"(anonymous_10)","decl":{"start":{"line":32,"column":21},"end":{"line":32,"column":22}},"loc":{"start":{"line":32,"column":41},"end":{"line":34,"column":5}},"line":32},"11":{"name":"(anonymous_11)","decl":{"start":{"line":35,"column":20},"end":{"line":35,"column":21}},"loc":{"start":{"line":35,"column":37},"end":{"line":37,"column":5}},"line":35},"12":{"name":"(anonymous_12)","decl":{"start":{"line":38,"column":14},"end":{"line":38,"column":15}},"loc":{"start":{"line":38,"column":42},"end":{"line":40,"column":5}},"line":38}},"branchMap":{"0":{"loc":{"start":{"line":10,"column":12},"end":{"line":15,"column":13}},"type":"if","locations":[{"start":{"line":10,"column":12},"end":{"line":15,"column":13}},{"start":{"line":10,"column":12},"end":{"line":15,"column":13}}],"line":10},"1":{"loc":{"start":{"line":24,"column":12},"end":{"line":28,"column":13}},"type":"if","locations":[{"start":{"line":24,"column":12},"end":{"line":28,"column":13}},{"start":{"line":24,"column":12},"end":{"line":28,"column":13}}],"line":24}},"s":{"0":5,"1":1,"2":1,"3":1,"4":1,"5":1,"6":1,"7":0,"8":1,"9":2,"10":1,"11":1,"12":1,"13":2,"14":0,"15":2,"16":2,"17":0,"18":0,"19":0},"f":{"0":5,"1":1,"2":1,"3":1,"4":1,"5":1,"6":2,"7":1,"8":1,"9":2,"10":0,"11":0,"12":0},"b":{"0":[1,0],"1":[0,2]},"_coverageSchema":"43e27e138ebf9cfc5966b082cf9a028302ed4184","hash":"06fb3f77e778e5067aed3dab1629db7abfbc4792"}
,"D:\\projects\\play-with-slots\\src\\util\\helper.js": {"path":"D:\\projects\\play-with-slots\\src\\util\\helper.js","statementMap":{"0":{"start":{"line":2,"column":4},"end":{"line":2,"column":53}},"1":{"start":{"line":2,"column":29},"end":{"line":2,"column":36}},"2":{"start":{"line":5,"column":26},"end":{"line":12,"column":1}},"3":{"start":{"line":6,"column":18},"end":{"line":6,"column":60}},"4":{"start":{"line":7,"column":4},"end":{"line":11,"column":5}},"5":{"start":{"line":8,"column":8},"end":{"line":8,"column":20}},"6":{"start":{"line":10,"column":8},"end":{"line":10,"column":28}},"7":{"start":{"line":14,"column":23},"end":{"line":20,"column":3}},"8":{"start":{"line":15,"column":4},"end":{"line":19,"column":6}}},"fnMap":{"0":{"name":"checkRepeat","decl":{"start":{"line":1,"column":9},"end":{"line":1,"column":20}},"loc":{"start":{"line":1,"column":35},"end":{"line":3,"column":1}},"line":1},"1":{"name":"(anonymous_1)","decl":{"start":{"line":2,"column":21},"end":{"line":2,"column":22}},"loc":{"start":{"line":2,"column":29},"end":{"line":2,"column":36}},"line":2},"2":{"name":"(anonymous_2)","decl":{"start":{"line":5,"column":26},"end":{"line":5,"column":27}},"loc":{"start":{"line":5,"column":38},"end":{"line":12,"column":1}},"line":5},"3":{"name":"(anonymous_3)","decl":{"start":{"line":14,"column":23},"end":{"line":14,"column":24}},"loc":{"start":{"line":14,"column":49},"end":{"line":20,"column":3}},"line":14}},"branchMap":{"0":{"loc":{"start":{"line":7,"column":4},"end":{"line":11,"column":5}},"type":"if","locations":[{"start":{"line":7,"column":4},"end":{"line":11,"column":5}},{"start":{"line":7,"column":4},"end":{"line":11,"column":5}}],"line":7}},"s":{"0":0,"1":0,"2":1,"3":0,"4":0,"5":0,"6":0,"7":1,"8":3},"f":{"0":0,"1":0,"2":0,"3":3},"b":{"0":[0,0]},"_coverageSchema":"43e27e138ebf9cfc5966b082cf9a028302ed4184","hash":"22215af73482fb9cdd18dccff11888daf36ae5a8"}
}
