TN:
SF:D:\projects\play-with-slots\src\App.vue
FN:18,(anonymous_1)
FN:23,(anonymous_2)
FNF:2
FNH:1
FNDA:4,(anonymous_1)
FNDA:0,(anonymous_2)
DA:14,1
DA:19,4
DA:24,0
DA:25,0
DA:26,0
DA:27,0
LF:6
LH:2
BRDA:26,0,0,0
BRDA:26,0,1,0
BRF:2
BRH:0
end_of_record
TN:
SF:D:\projects\play-with-slots\src\components\Footer.vue
FN:43,(anonymous_1)
FNF:1
FNH:1
FNDA:1,(anonymous_1)
DA:33,2
DA:43,1
LF:2
LH:2
BRF:0
BRH:0
end_of_record
TN:
SF:D:\projects\play-with-slots\src\components\onlyForTests\ComponentWithButtons.vue
FN:30,(anonymous_1)
FN:33,(anonymous_2)
FN:36,(anonymous_3)
FNF:3
FNH:3
FNDA:1,(anonymous_1)
FNDA:1,(anonymous_2)
FNDA:1,(anonymous_3)
DA:31,1
DA:34,1
DA:37,1
LF:3
LH:3
BRF:0
BRH:0
end_of_record
TN:
SF:D:\projects\play-with-slots\src\components\onlyForTests\ComponentWithVuex.vue
FN:13,(anonymous_1)
FNF:1
FNH:1
FNDA:1,(anonymous_1)
DA:14,1
LF:1
LH:1
BRF:0
BRH:0
end_of_record
TN:
SF:D:\projects\play-with-slots\src\components\onlyForTests\FindParent.vue
FN:17,(anonymous_1)
FNF:1
FNH:1
FNDA:4,(anonymous_1)
DA:10,1
DA:17,4
LF:2
LH:2
BRF:0
BRH:0
end_of_record
TN:
SF:D:\projects\play-with-slots\src\components\onlyForTests\Greeting.vue
FN:9,(anonymous_1)
FNF:1
FNH:1
FNDA:1,(anonymous_1)
DA:9,1
LF:1
LH:1
BRF:0
BRH:0
end_of_record
TN:
SF:D:\projects\play-with-slots\src\components\onlyForTests\MultipleInstanceWarningTest.vue
FN:36,(anonymous_1)
FN:40,(anonymous_2)
FN:46,(anonymous_3)
FNF:3
FNH:3
FNDA:8,(anonymous_1)
FNDA:7,(anonymous_2)
FNDA:16,(anonymous_3)
DA:37,8
DA:41,7
DA:47,16
LF:3
LH:3
BRF:0
BRH:0
end_of_record
TN:
SF:D:\projects\play-with-slots\src\components\onlyForTests\MyComponents.js
FN:15,(anonymous_0)
FN:37,(anonymous_1)
FN:82,(anonymous_2)
FN:83,(anonymous_3)
FN:84,(anonymous_4)
FN:95,(anonymous_5)
FN:100,(anonymous_6)
FN:127,(anonymous_7)
FN:142,(anonymous_8)
FNF:9
FNH:8
FNDA:0,(anonymous_0)
FNDA:2,(anonymous_1)
FNDA:2,(anonymous_2)
FNDA:18,(anonymous_3)
FNDA:18,(anonymous_4)
FNDA:1,(anonymous_5)
FNDA:1,(anonymous_6)
FNDA:2,(anonymous_7)
FNDA:1,(anonymous_8)
DA:6,1
DA:16,0
DA:32,1
DA:37,2
DA:52,1
DA:74,1
DA:83,18
DA:84,18
DA:94,1
DA:95,1
DA:101,1
DA:102,1
DA:103,1
DA:105,0
DA:125,1
DA:128,2
DA:137,1
DA:142,1
LF:18
LH:16
BRDA:84,0,0,9
BRDA:84,0,1,9
BRF:2
BRH:2
end_of_record
TN:
SF:D:\projects\play-with-slots\src\components\onlyForTests\SomeNestedRouteComponent.vue
FN:16,(anonymous_1)
FN:19,(anonymous_2)
FN:24,(anonymous_3)
FNF:3
FNH:3
FNDA:3,(anonymous_1)
FNDA:3,(anonymous_2)
FNDA:4,(anonymous_3)
DA:12,1
DA:16,3
DA:20,3
DA:21,3
DA:25,6
DA:26,2
LF:6
LH:6
BRDA:25,0,0,2
BRDA:25,0,1,2
BRF:2
BRH:2
end_of_record
TN:
SF:D:\projects\play-with-slots\src\components\onlyForTests\asyncComponents.js
FN:5,(anonymous_0)
FN:9,(anonymous_1)
FNF:2
FNH:0
FNDA:0,(anonymous_0)
FNDA:0,(anonymous_1)
DA:4,1
DA:6,0
DA:10,0
DA:11,0
DA:19,1
LF:5
LH:2
BRF:0
BRH:0
end_of_record
TN:
SF:D:\projects\play-with-slots\src\services\instance.js
FNF:0
FNH:0
DA:3,1
DA:5,1
LF:2
LH:2
BRF:0
BRH:0
end_of_record
TN:
SF:D:\projects\play-with-slots\src\store\actions.js
FN:4,(anonymous_0)
FN:7,(anonymous_1)
FN:10,(anonymous_2)
FN:13,(anonymous_3)
FN:16,(anonymous_4)
FN:19,(anonymous_5)
FN:22,(anonymous_6)
FN:30,(anonymous_7)
FNF:8
FNH:2
FNDA:0,(anonymous_0)
FNDA:0,(anonymous_1)
FNDA:0,(anonymous_2)
FNDA:0,(anonymous_3)
FNDA:0,(anonymous_4)
FNDA:0,(anonymous_5)
FNDA:2,(anonymous_6)
FNDA:2,(anonymous_7)
DA:5,0
DA:8,0
DA:11,0
DA:14,0
DA:17,0
DA:20,0
DA:23,2
DA:24,2
DA:25,1
DA:27,1
DA:31,2
DA:32,2
DA:36,1
DA:38,1
LF:14
LH:8
BRF:0
BRH:0
end_of_record
TN:
SF:D:\projects\play-with-slots\src\store\getters.js
FN:2,(anonymous_0)
FN:4,(anonymous_1)
FN:4,(anonymous_2)
FNF:3
FNH:3
FNDA:1,(anonymous_0)
FNDA:2,(anonymous_1)
FNDA:2,(anonymous_2)
DA:3,1
DA:4,2
DA:5,2
DA:6,2
DA:9,1
LF:5
LH:5
BRDA:5,0,0,2
BRDA:5,0,1,0
BRF:2
BRH:1
end_of_record
TN:
SF:D:\projects\play-with-slots\src\store\mutations.js
FN:2,(anonymous_0)
FN:5,(anonymous_1)
FN:6,(anonymous_2)
FN:8,(anonymous_3)
FN:9,(anonymous_4)
FN:18,(anonymous_5)
FN:19,(anonymous_6)
FN:21,(anonymous_7)
FN:22,(anonymous_8)
FN:23,(anonymous_9)
FN:32,(anonymous_10)
FN:35,(anonymous_11)
FN:38,(anonymous_12)
FNF:13
FNH:10
FNDA:5,(anonymous_0)
FNDA:1,(anonymous_1)
FNDA:1,(anonymous_2)
FNDA:1,(anonymous_3)
FNDA:1,(anonymous_4)
FNDA:1,(anonymous_5)
FNDA:2,(anonymous_6)
FNDA:1,(anonymous_7)
FNDA:1,(anonymous_8)
FNDA:2,(anonymous_9)
FNDA:0,(anonymous_10)
FNDA:0,(anonymous_11)
FNDA:0,(anonymous_12)
DA:3,5
DA:6,1
DA:9,1
DA:10,1
DA:11,1
DA:12,1
DA:14,0
DA:19,2
DA:22,1
DA:23,1
DA:24,2
DA:25,0
DA:27,2
DA:29,2
DA:33,0
DA:36,0
DA:39,0
LF:17
LH:12
BRDA:10,0,0,1
BRDA:10,0,1,0
BRDA:24,1,0,0
BRDA:24,1,1,2
BRF:4
BRH:2
end_of_record
TN:
SF:D:\projects\play-with-slots\src\util\createRouter.js
FN:6,(anonymous_0)
FNF:1
FNH:1
FNDA:1,(anonymous_0)
DA:4,1
DA:6,1
DA:7,1
LF:3
LH:3
BRF:0
BRH:0
end_of_record
TN:
SF:D:\projects\play-with-slots\src\util\createStore.js
FN:6,(anonymous_0)
FN:13,(anonymous_1)
FN:17,(anonymous_2)
FNF:3
FNH:3
FNDA:1,(anonymous_0)
FNDA:1,(anonymous_1)
FNDA:1,(anonymous_2)
DA:4,1
DA:6,1
DA:14,1
DA:18,1
LF:4
LH:4
BRDA:6,0,0,1
BRF:1
BRH:1
end_of_record
TN:
SF:D:\projects\play-with-slots\src\views\Home.vue
FN:67,(anonymous_1)
FN:73,(anonymous_2)
FN:74,(anonymous_3)
FN:77,(anonymous_4)
FN:82,(anonymous_5)
FN:83,(anonymous_6)
FN:85,(anonymous_7)
FN:86,(anonymous_8)
FN:88,(anonymous_9)
FN:90,(anonymous_10)
FN:94,(anonymous_11)
FN:106,(anonymous_12)
FN:123,(anonymous_13)
FN:126,(anonymous_14)
FN:129,(anonymous_15)
FN:131,(anonymous_16)
FN:135,(anonymous_17)
FN:138,(anonymous_18)
FN:142,(anonymous_19)
FNF:19
FNH:4
FNDA:3,(anonymous_1)
FNDA:3,(anonymous_2)
FNDA:3,(anonymous_3)
FNDA:0,(anonymous_4)
FNDA:0,(anonymous_5)
FNDA:0,(anonymous_6)
FNDA:0,(anonymous_7)
FNDA:0,(anonymous_8)
FNDA:3,(anonymous_9)
FNDA:0,(anonymous_10)
FNDA:0,(anonymous_11)
FNDA:0,(anonymous_12)
FNDA:0,(anonymous_13)
FNDA:0,(anonymous_14)
FNDA:0,(anonymous_15)
FNDA:0,(anonymous_16)
FNDA:0,(anonymous_17)
FNDA:0,(anonymous_18)
FNDA:0,(anonymous_19)
DA:54,1
DA:55,1
DA:56,1
DA:57,1
DA:58,1
DA:67,3
DA:73,3
DA:75,3
DA:78,0
DA:79,0
DA:80,0
DA:83,0
DA:86,0
DA:89,6
DA:90,0
DA:95,0
DA:107,0
DA:108,0
DA:109,0
DA:114,0
DA:115,0
DA:116,0
DA:117,0
DA:120,0
DA:124,0
DA:127,0
DA:130,0
DA:131,0
DA:132,0
DA:136,0
DA:139,0
DA:140,0
DA:143,0
LF:33
LH:9
BRDA:78,0,0,0
BRDA:78,0,1,0
BRDA:79,1,0,0
BRDA:79,1,1,0
BRDA:89,2,0,3
BRDA:89,2,1,0
BRDA:107,3,0,0
BRDA:107,3,1,0
BRDA:116,4,0,0
BRDA:116,4,1,0
BRF:10
BRH:1
end_of_record
